Using pre-set license
Built from '2020.3/release' branch; Version is '2020.3.2f1 (8fd9074bf66c) revision 9427207'; Using compiler version '192528614'; Build Type 'Release'
OS: 'Windows 10 Pro; OS build 19044.2486; Version 2009; 64bit' Language: 'en' Physical Memory: 16327 MB
BatchMode: 1, IsHumanControllingUs: 0, StartBugReporterOnCrash: 0, Is64bit: 1, IsPro: 0

 COMMAND LINE ARGUMENTS:
D:\Unity Editor\2020.3.2f1\Editor\Unity.exe
-adb2
-batchMode
-noUpm
-name
AssetImportWorker0
-projectPath
D:/UNITY PROJECTS/basicgame
-logFile
Logs/AssetImportWorker0.log
-srvPort
51055
Successfully changed project path to: D:/UNITY PROJECTS/basicgame
D:/UNITY PROJECTS/basicgame
Using Asset Import Pipeline V2.
Refreshing native plugins compatible for Editor in 45.92 ms, found 0 plugins.
Preloading 0 native plugins for Editor in 0.00 ms.
Initialize engine version: 2020.3.2f1 (8fd9074bf66c)
[Subsystems] Discovering subsystems at path D:/Unity Editor/2020.3.2f1/Editor/Data/Resources/UnitySubsystems
[Subsystems] Discovering subsystems at path D:/UNITY PROJECTS/basicgame/Assets
GfxDevice: creating device client; threaded=0
Direct3D:
    Version:  Direct3D 11.0 [level 11.1]
    Renderer: NVIDIA GeForce GTX 1060 3GB (ID=0x1c02)
    Vendor:   
    VRAM:     2978 MB
    Driver:   31.0.15.2802
Initialize mono
Mono path[0] = 'D:/Unity Editor/2020.3.2f1/Editor/Data/Managed'
Mono path[1] = 'D:/Unity Editor/2020.3.2f1/Editor/Data/MonoBleedingEdge/lib/mono/unityjit'
Mono config path = 'D:/Unity Editor/2020.3.2f1/Editor/Data/MonoBleedingEdge/etc'
Using monoOptions --debugger-agent=transport=dt_socket,embedding=1,server=y,suspend=n,address=127.0.0.1:56976
Begin MonoManager ReloadAssembly
Registering precompiled unity dll's ...
Register platform support module: D:/Unity Editor/2020.3.2f1/Editor/Data/PlaybackEngines/WebGLSupport/UnityEditor.WebGL.Extensions.dll
Register platform support module: D:/Unity Editor/2020.3.2f1/Editor/Data/PlaybackEngines/WindowsStandaloneSupport/UnityEditor.WindowsStandalone.Extensions.dll
Registered in 0.004903 seconds.
Native extension for WindowsStandalone target not found
Native extension for WebGL target not found
Refreshing native plugins compatible for Editor in 49.63 ms, found 0 plugins.
Preloading 0 native plugins for Editor in 0.00 ms.
Invoked RoslynAnalysisRunner static constructor.
RoslynAnalysisRunner will not be running.
RoslynAnalysisRunner has terminated.
Mono: successfully reloaded assembly
- Completed reload, in  3.468 seconds
Platform modules already initialized, skipping
Registering precompiled user dll's ...
Registered in 0.001697 seconds.
Begin MonoManager ReloadAssembly
Native extension for WindowsStandalone target not found
Native extension for WebGL target not found
Refreshing native plugins compatible for Editor in 0.37 ms, found 0 plugins.
Preloading 0 native plugins for Editor in 0.00 ms.
Invoked RoslynAnalysisRunner static constructor.
RoslynAnalysisRunner will not be running.
RoslynAnalysisRunner has terminated.
Mono: successfully reloaded assembly
- Completed reload, in  1.686 seconds
Platform modules already initialized, skipping
========================================================================
Worker process is ready to serve import requests
Launched and connected shader compiler UnityShaderCompiler.exe after 0.11 seconds
Refreshing native plugins compatible for Editor in 0.73 ms, found 0 plugins.
Preloading 0 native plugins for Editor in 0.00 ms.
Unloading 1124 Unused Serialized files (Serialized files now loaded: 0)
System memory in use before: 57.7 MB.
System memory in use after: 57.8 MB.

Unloading 10 unused Assets to reduce memory usage. Loaded Objects now: 1567.
Total: 7.981700 ms (FindLiveObjects: 2.642000 ms CreateObjectMapping: 0.134300 ms MarkObjects: 5.035200 ms  DeleteObjects: 0.167900 ms)

========================================================================
Received Import Request.
  path: Assets/Textures/General Textures.unitypackage
  artifactKey: Guid(c7fdb4ed7ffaf104e9774124a2917305) Importer(815301076,1909f56bfc062723c751e8b465ee728b)
Start importing Assets/Textures/General Textures.unitypackage using Guid(c7fdb4ed7ffaf104e9774124a2917305) Importer(815301076,1909f56bfc062723c751e8b465ee728b)  -> (artifact id: '3c8dab8eb3ce777e6b17926b0af92151') in 0.132265 seconds
  Import took 0.136199 seconds .

========================================================================
Received Import Request.
  Time since last request: 117.499093 seconds.
  path: Assets/Textures/Materials/Asphalt
  artifactKey: Guid(9aa467afed7543240bcc746084887ad0) Importer(815301076,1909f56bfc062723c751e8b465ee728b)
Start importing Assets/Textures/Materials/Asphalt using Guid(9aa467afed7543240bcc746084887ad0) Importer(815301076,1909f56bfc062723c751e8b465ee728b)  -> (artifact id: '0a9f5766dcf84588ea72765f793ea751') in 0.012846 seconds
  Import took 0.016335 seconds .

========================================================================
Received Import Request.
  Time since last request: 11.757994 seconds.
  path: Assets/Textures/Materials/Asphalt/Materials
  artifactKey: Guid(04c5cf0f8d292a445960911a74865ffa) Importer(815301076,1909f56bfc062723c751e8b465ee728b)
Start importing Assets/Textures/Materials/Asphalt/Materials using Guid(04c5cf0f8d292a445960911a74865ffa) Importer(815301076,1909f56bfc062723c751e8b465ee728b)  -> (artifact id: '48142e0a47a87776dc5549388a6386ba') in 0.012894 seconds
  Import took 0.015847 seconds .

========================================================================
Received Import Request.
  Time since last request: 48.699311 seconds.
  path: Assets/Scenes/Level2.unity
  artifactKey: Guid(f7037688ee8350b40aac21d37f0b251e) Importer(815301076,1909f56bfc062723c751e8b465ee728b)
Start importing Assets/Scenes/Level2.unity using Guid(f7037688ee8350b40aac21d37f0b251e) Importer(815301076,1909f56bfc062723c751e8b465ee728b)  -> (artifact id: '66633144cbf78a255ead7f57a3383d3d') in 0.019515 seconds
  Import took 0.025455 seconds .

========================================================================
Received Import Request.
  Time since last request: 9.182716 seconds.
  path: Assets/Animation/LevelComplete.anim
  artifactKey: Guid(a8b9002112c7c37439229b0108be3129) Importer(815301076,1909f56bfc062723c751e8b465ee728b)
Start importing Assets/Animation/LevelComplete.anim using Guid(a8b9002112c7c37439229b0108be3129) Importer(815301076,1909f56bfc062723c751e8b465ee728b)  -> (artifact id: '8291bbce5c4b78c9be97d127c569a9b6') in 0.137805 seconds
  Import took 0.142273 seconds .

========================================================================
Received Prepare
Registering precompiled user dll's ...
Registered in 0.001723 seconds.
Begin MonoManager ReloadAssembly
Native extension for WindowsStandalone target not found
Native extension for WebGL target not found
Refreshing native plugins compatible for Editor in 0.34 ms, found 0 plugins.
Preloading 0 native plugins for Editor in 0.00 ms.
Invoked RoslynAnalysisRunner static constructor.
RoslynAnalysisRunner will not be running.
RoslynAnalysisRunner has terminated.
Mono: successfully reloaded assembly
- Completed reload, in  1.434 seconds
Platform modules already initialized, skipping
Refreshing native plugins compatible for Editor in 0.50 ms, found 0 plugins.
Preloading 0 native plugins for Editor in 0.00 ms.
Unloading 1119 Unused Serialized files (Serialized files now loaded: 0)
System memory in use before: 61.3 MB.
System memory in use after: 61.4 MB.

Unloading 5 unused Assets to reduce memory usage. Loaded Objects now: 1572.
Total: 2.378800 ms (FindLiveObjects: 0.248900 ms CreateObjectMapping: 0.063700 ms MarkObjects: 1.992800 ms  DeleteObjects: 0.072000 ms)

AssetImportWorkerClient::OnTransportError - code=2 error=End of file
